<?xml version="1.0" encoding="UTF-8"?>
<testsuite xmlns:xsi="http://www.w3.org/2001/XMLSchema-instance" xsi:noNamespaceSchemaLocation="https://maven.apache.org/surefire/maven-surefire-plugin/xsd/surefire-test-report.xsd" name="com.hfut.laboratory.swagger.Swagger2MarkupTest" time="6.96" tests="2" errors="0" skipped="0" failures="0">
  <properties>
    <property name="sun.desktop" value="windows"/>
    <property name="awt.toolkit" value="sun.awt.windows.WToolkit"/>
    <property name="java.specification.version" value="1.8"/>
    <property name="file.encoding.pkg" value="sun.io"/>
    <property name="sun.cpu.isalist" value="amd64"/>
    <property name="sun.jnu.encoding" value="GBK"/>
    <property name="java.class.path" value="C:\EXCS\IDEA_exc\accout-mange\target\test-classes;C:\EXCS\IDEA_exc\accout-mange\target\classes;C:\Users\霉偷煤南\.m2\repository\org\springframework\boot\spring-boot-starter-web\2.1.6.RELEASE\spring-boot-starter-web-2.1.6.RELEASE.jar;C:\Users\霉偷煤南\.m2\repository\org\springframework\boot\spring-boot-starter\2.1.6.RELEASE\spring-boot-starter-2.1.6.RELEASE.jar;C:\Users\霉偷煤南\.m2\repository\org\springframework\boot\spring-boot\2.1.6.RELEASE\spring-boot-2.1.6.RELEASE.jar;C:\Users\霉偷煤南\.m2\repository\org\springframework\boot\spring-boot-starter-logging\2.1.6.RELEASE\spring-boot-starter-logging-2.1.6.RELEASE.jar;C:\Users\霉偷煤南\.m2\repository\ch\qos\logback\logback-classic\1.2.3\logback-classic-1.2.3.jar;C:\Users\霉偷煤南\.m2\repository\ch\qos\logback\logback-core\1.2.3\logback-core-1.2.3.jar;C:\Users\霉偷煤南\.m2\repository\org\apache\logging\log4j\log4j-to-slf4j\2.11.2\log4j-to-slf4j-2.11.2.jar;C:\Users\霉偷煤南\.m2\repository\org\apache\logging\log4j\log4j-api\2.11.2\log4j-api-2.11.2.jar;C:\Users\霉偷煤南\.m2\repository\org\slf4j\jul-to-slf4j\1.7.26\jul-to-slf4j-1.7.26.jar;C:\Users\霉偷煤南\.m2\repository\javax\annotation\javax.annotation-api\1.3.2\javax.annotation-api-1.3.2.jar;C:\Users\霉偷煤南\.m2\repository\org\yaml\snakeyaml\1.23\snakeyaml-1.23.jar;C:\Users\霉偷煤南\.m2\repository\org\springframework\boot\spring-boot-starter-json\2.1.6.RELEASE\spring-boot-starter-json-2.1.6.RELEASE.jar;C:\Users\霉偷煤南\.m2\repository\com\fasterxml\jackson\core\jackson-databind\2.9.9\jackson-databind-2.9.9.jar;C:\Users\霉偷煤南\.m2\repository\com\fasterxml\jackson\core\jackson-core\2.9.9\jackson-core-2.9.9.jar;C:\Users\霉偷煤南\.m2\repository\com\fasterxml\jackson\datatype\jackson-datatype-jdk8\2.9.9\jackson-datatype-jdk8-2.9.9.jar;C:\Users\霉偷煤南\.m2\repository\com\fasterxml\jackson\datatype\jackson-datatype-jsr310\2.9.9\jackson-datatype-jsr310-2.9.9.jar;C:\Users\霉偷煤南\.m2\repository\com\fasterxml\jackson\module\jackson-module-parameter-names\2.9.9\jackson-module-parameter-names-2.9.9.jar;C:\Users\霉偷煤南\.m2\repository\org\springframework\boot\spring-boot-starter-tomcat\2.1.6.RELEASE\spring-boot-starter-tomcat-2.1.6.RELEASE.jar;C:\Users\霉偷煤南\.m2\repository\org\apache\tomcat\embed\tomcat-embed-core\9.0.21\tomcat-embed-core-9.0.21.jar;C:\Users\霉偷煤南\.m2\repository\org\apache\tomcat\embed\tomcat-embed-el\9.0.21\tomcat-embed-el-9.0.21.jar;C:\Users\霉偷煤南\.m2\repository\org\apache\tomcat\embed\tomcat-embed-websocket\9.0.21\tomcat-embed-websocket-9.0.21.jar;C:\Users\霉偷煤南\.m2\repository\org\hibernate\validator\hibernate-validator\6.0.17.Final\hibernate-validator-6.0.17.Final.jar;C:\Users\霉偷煤南\.m2\repository\javax\validation\validation-api\2.0.1.Final\validation-api-2.0.1.Final.jar;C:\Users\霉偷煤南\.m2\repository\org\jboss\logging\jboss-logging\3.3.2.Final\jboss-logging-3.3.2.Final.jar;C:\Users\霉偷煤南\.m2\repository\org\springframework\spring-web\5.1.8.RELEASE\spring-web-5.1.8.RELEASE.jar;C:\Users\霉偷煤南\.m2\repository\org\springframework\spring-beans\5.1.8.RELEASE\spring-beans-5.1.8.RELEASE.jar;C:\Users\霉偷煤南\.m2\repository\org\springframework\spring-webmvc\5.1.8.RELEASE\spring-webmvc-5.1.8.RELEASE.jar;C:\Users\霉偷煤南\.m2\repository\org\springframework\spring-aop\5.1.8.RELEASE\spring-aop-5.1.8.RELEASE.jar;C:\Users\霉偷煤南\.m2\repository\org\springframework\spring-context\5.1.8.RELEASE\spring-context-5.1.8.RELEASE.jar;C:\Users\霉偷煤南\.m2\repository\org\springframework\spring-expression\5.1.8.RELEASE\spring-expression-5.1.8.RELEASE.jar;C:\Users\霉偷煤南\.m2\repository\org\springframework\boot\spring-boot-starter-test\2.1.6.RELEASE\spring-boot-starter-test-2.1.6.RELEASE.jar;C:\Users\霉偷煤南\.m2\repository\org\springframework\boot\spring-boot-test\2.1.6.RELEASE\spring-boot-test-2.1.6.RELEASE.jar;C:\Users\霉偷煤南\.m2\repository\org\springframework\boot\spring-boot-test-autoconfigure\2.1.6.RELEASE\spring-boot-test-autoconfigure-2.1.6.RELEASE.jar;C:\Users\霉偷煤南\.m2\repository\com\jayway\jsonpath\json-path\2.4.0\json-path-2.4.0.jar;C:\Users\霉偷煤南\.m2\repository\net\minidev\json-smart\2.3\json-smart-2.3.jar;C:\Users\霉偷煤南\.m2\repository\net\minidev\accessors-smart\1.2\accessors-smart-1.2.jar;C:\Users\霉偷煤南\.m2\repository\org\ow2\asm\asm\5.0.4\asm-5.0.4.jar;C:\Users\霉偷煤南\.m2\repository\junit\junit\4.12\junit-4.12.jar;C:\Users\霉偷煤南\.m2\repository\org\assertj\assertj-core\3.11.1\assertj-core-3.11.1.jar;C:\Users\霉偷煤南\.m2\repository\org\mockito\mockito-core\2.23.4\mockito-core-2.23.4.jar;C:\Users\霉偷煤南\.m2\repository\net\bytebuddy\byte-buddy\1.9.13\byte-buddy-1.9.13.jar;C:\Users\霉偷煤南\.m2\repository\net\bytebuddy\byte-buddy-agent\1.9.13\byte-buddy-agent-1.9.13.jar;C:\Users\霉偷煤南\.m2\repository\org\objenesis\objenesis\2.6\objenesis-2.6.jar;C:\Users\霉偷煤南\.m2\repository\org\hamcrest\hamcrest-core\1.3\hamcrest-core-1.3.jar;C:\Users\霉偷煤南\.m2\repository\org\hamcrest\hamcrest-library\1.3\hamcrest-library-1.3.jar;C:\Users\霉偷煤南\.m2\repository\org\skyscreamer\jsonassert\1.5.0\jsonassert-1.5.0.jar;C:\Users\霉偷煤南\.m2\repository\com\vaadin\external\google\android-json\0.0.20131108.vaadin1\android-json-0.0.20131108.vaadin1.jar;C:\Users\霉偷煤南\.m2\repository\org\springframework\spring-core\5.1.8.RELEASE\spring-core-5.1.8.RELEASE.jar;C:\Users\霉偷煤南\.m2\repository\org\springframework\spring-jcl\5.1.8.RELEASE\spring-jcl-5.1.8.RELEASE.jar;C:\Users\霉偷煤南\.m2\repository\org\springframework\spring-test\5.1.8.RELEASE\spring-test-5.1.8.RELEASE.jar;C:\Users\霉偷煤南\.m2\repository\org\xmlunit\xmlunit-core\2.6.2\xmlunit-core-2.6.2.jar;C:\Users\霉偷煤南\.m2\repository\com\baomidou\mybatis-plus-boot-starter\3.0.5\mybatis-plus-boot-starter-3.0.5.jar;C:\Users\霉偷煤南\.m2\repository\com\baomidou\mybatis-plus\3.0.5\mybatis-plus-3.0.5.jar;C:\Users\霉偷煤南\.m2\repository\org\springframework\boot\spring-boot-autoconfigure\2.1.6.RELEASE\spring-boot-autoconfigure-2.1.6.RELEASE.jar;C:\Users\霉偷煤南\.m2\repository\org\springframework\boot\spring-boot-starter-jdbc\2.1.6.RELEASE\spring-boot-starter-jdbc-2.1.6.RELEASE.jar;C:\Users\霉偷煤南\.m2\repository\com\zaxxer\HikariCP\3.2.0\HikariCP-3.2.0.jar;C:\Users\霉偷煤南\.m2\repository\org\springframework\spring-jdbc\5.1.8.RELEASE\spring-jdbc-5.1.8.RELEASE.jar;C:\Users\霉偷煤南\.m2\repository\org\springframework\boot\spring-boot-configuration-processor\2.1.6.RELEASE\spring-boot-configuration-processor-2.1.6.RELEASE.jar;C:\Users\霉偷煤南\.m2\repository\com\baomidou\mybatis-plus-generator\3.0.5\mybatis-plus-generator-3.0.5.jar;C:\Users\霉偷煤南\.m2\repository\com\baomidou\mybatis-plus-extension\3.0.5\mybatis-plus-extension-3.0.5.jar;C:\Users\霉偷煤南\.m2\repository\com\baomidou\mybatis-plus-core\3.0.5\mybatis-plus-core-3.0.5.jar;C:\Users\霉偷煤南\.m2\repository\com\baomidou\mybatis-plus-annotation\3.0.5\mybatis-plus-annotation-3.0.5.jar;C:\Users\霉偷煤南\.m2\repository\com\github\jsqlparser\jsqlparser\1.2\jsqlparser-1.2.jar;C:\Users\霉偷煤南\.m2\repository\org\mybatis\mybatis-spring\1.3.2\mybatis-spring-1.3.2.jar;C:\Users\霉偷煤南\.m2\repository\org\mybatis\mybatis\3.4.6\mybatis-3.4.6.jar;C:\Users\霉偷煤南\.m2\repository\org\springframework\boot\spring-boot-starter-freemarker\2.1.6.RELEASE\spring-boot-starter-freemarker-2.1.6.RELEASE.jar;C:\Users\霉偷煤南\.m2\repository\org\freemarker\freemarker\2.3.28\freemarker-2.3.28.jar;C:\Users\霉偷煤南\.m2\repository\org\springframework\spring-context-support\5.1.8.RELEASE\spring-context-support-5.1.8.RELEASE.jar;C:\Users\霉偷煤南\.m2\repository\mysql\mysql-connector-java\8.0.16\mysql-connector-java-8.0.16.jar;C:\Users\霉偷煤南\.m2\repository\org\projectlombok\lombok\1.18.8\lombok-1.18.8.jar;C:\Users\霉偷煤南\.m2\repository\org\apache\shiro\shiro-spring\1.4.0\shiro-spring-1.4.0.jar;C:\Users\霉偷煤南\.m2\repository\org\apache\shiro\shiro-core\1.4.0\shiro-core-1.4.0.jar;C:\Users\霉偷煤南\.m2\repository\org\apache\shiro\shiro-lang\1.4.0\shiro-lang-1.4.0.jar;C:\Users\霉偷煤南\.m2\repository\org\apache\shiro\shiro-cache\1.4.0\shiro-cache-1.4.0.jar;C:\Users\霉偷煤南\.m2\repository\org\apache\shiro\shiro-crypto-hash\1.4.0\shiro-crypto-hash-1.4.0.jar;C:\Users\霉偷煤南\.m2\repository\org\apache\shiro\shiro-crypto-core\1.4.0\shiro-crypto-core-1.4.0.jar;C:\Users\霉偷煤南\.m2\repository\org\apache\shiro\shiro-crypto-cipher\1.4.0\shiro-crypto-cipher-1.4.0.jar;C:\Users\霉偷煤南\.m2\repository\org\apache\shiro\shiro-config-core\1.4.0\shiro-config-core-1.4.0.jar;C:\Users\霉偷煤南\.m2\repository\org\apache\shiro\shiro-config-ogdl\1.4.0\shiro-config-ogdl-1.4.0.jar;C:\Users\霉偷煤南\.m2\repository\org\apache\shiro\shiro-event\1.4.0\shiro-event-1.4.0.jar;C:\Users\霉偷煤南\.m2\repository\org\apache\shiro\shiro-web\1.4.0\shiro-web-1.4.0.jar;C:\Users\霉偷煤南\.m2\repository\io\jsonwebtoken\jjwt\0.9.0\jjwt-0.9.0.jar;C:\Users\霉偷煤南\.m2\repository\joda-time\joda-time\2.10.2\joda-time-2.10.2.jar;C:\Users\霉偷煤南\.m2\repository\org\apache\commons\commons-lang3\3.8.1\commons-lang3-3.8.1.jar;C:\Users\霉偷煤南\.m2\repository\commons-codec\commons-codec\1.11\commons-codec-1.11.jar;C:\Users\霉偷煤南\.m2\repository\io\springfox\springfox-swagger2\2.9.2\springfox-swagger2-2.9.2.jar;C:\Users\霉偷煤南\.m2\repository\io\swagger\swagger-annotations\1.5.20\swagger-annotations-1.5.20.jar;C:\Users\霉偷煤南\.m2\repository\io\swagger\swagger-models\1.5.20\swagger-models-1.5.20.jar;C:\Users\霉偷煤南\.m2\repository\com\fasterxml\jackson\core\jackson-annotations\2.9.0\jackson-annotations-2.9.0.jar;C:\Users\霉偷煤南\.m2\repository\io\springfox\springfox-spi\2.9.2\springfox-spi-2.9.2.jar;C:\Users\霉偷煤南\.m2\repository\io\springfox\springfox-core\2.9.2\springfox-core-2.9.2.jar;C:\Users\霉偷煤南\.m2\repository\io\springfox\springfox-schema\2.9.2\springfox-schema-2.9.2.jar;C:\Users\霉偷煤南\.m2\repository\io\springfox\springfox-swagger-common\2.9.2\springfox-swagger-common-2.9.2.jar;C:\Users\霉偷煤南\.m2\repository\io\springfox\springfox-spring-web\2.9.2\springfox-spring-web-2.9.2.jar;C:\Users\霉偷煤南\.m2\repository\com\google\guava\guava\20.0\guava-20.0.jar;C:\Users\霉偷煤南\.m2\repository\com\fasterxml\classmate\1.4.0\classmate-1.4.0.jar;C:\Users\霉偷煤南\.m2\repository\org\slf4j\slf4j-api\1.7.26\slf4j-api-1.7.26.jar;C:\Users\霉偷煤南\.m2\repository\org\springframework\plugin\spring-plugin-core\1.2.0.RELEASE\spring-plugin-core-1.2.0.RELEASE.jar;C:\Users\霉偷煤南\.m2\repository\org\springframework\plugin\spring-plugin-metadata\1.2.0.RELEASE\spring-plugin-metadata-1.2.0.RELEASE.jar;C:\Users\霉偷煤南\.m2\repository\org\mapstruct\mapstruct\1.2.0.Final\mapstruct-1.2.0.Final.jar;C:\Users\霉偷煤南\.m2\repository\io\springfox\springfox-swagger-ui\2.9.2\springfox-swagger-ui-2.9.2.jar;C:\Users\霉偷煤南\.m2\repository\org\springframework\restdocs\spring-restdocs-mockmvc\2.0.3.RELEASE\spring-restdocs-mockmvc-2.0.3.RELEASE.jar;C:\Users\霉偷煤南\.m2\repository\javax\servlet\javax.servlet-api\4.0.1\javax.servlet-api-4.0.1.jar;C:\Users\霉偷煤南\.m2\repository\org\springframework\restdocs\spring-restdocs-core\2.0.3.RELEASE\spring-restdocs-core-2.0.3.RELEASE.jar;C:\Users\霉偷煤南\.m2\repository\io\github\swagger2markup\swagger2markup-spring-restdocs-ext\1.2.0\swagger2markup-spring-restdocs-ext-1.2.0.jar;C:\Users\霉偷煤南\.m2\repository\io\github\swagger2markup\swagger2markup\1.2.0\swagger2markup-1.2.0.jar;C:\Users\霉偷煤南\.m2\repository\io\github\swagger2markup\markup-document-builder\1.1.1\markup-document-builder-1.1.1.jar;C:\Users\霉偷煤南\.m2\repository\nl\jworks\markdown_to_asciidoc\markdown_to_asciidoc\1.0\markdown_to_asciidoc-1.0.jar;C:\Users\霉偷煤南\.m2\repository\org\pegdown\pegdown\1.4.2\pegdown-1.4.2.jar;C:\Users\霉偷煤南\.m2\repository\org\parboiled\parboiled-java\1.1.6\parboiled-java-1.1.6.jar;C:\Users\霉偷煤南\.m2\repository\org\parboiled\parboiled-core\1.1.6\parboiled-core-1.1.6.jar;C:\Users\霉偷煤南\.m2\repository\org\ow2\asm\asm-tree\4.1\asm-tree-4.1.jar;C:\Users\霉偷煤南\.m2\repository\org\ow2\asm\asm-analysis\4.1\asm-analysis-4.1.jar;C:\Users\霉偷煤南\.m2\repository\org\ow2\asm\asm-util\4.1\asm-util-4.1.jar;C:\Users\霉偷煤南\.m2\repository\org\jsoup\jsoup\1.8.1\jsoup-1.8.1.jar;C:\Users\霉偷煤南\.m2\repository\io\swagger\swagger-compat-spec-parser\1.0.23\swagger-compat-spec-parser-1.0.23.jar;C:\Users\霉偷煤南\.m2\repository\io\swagger\swagger-core\1.5.10\swagger-core-1.5.10.jar;C:\Users\霉偷煤南\.m2\repository\com\fasterxml\jackson\datatype\jackson-datatype-joda\2.9.9\jackson-datatype-joda-2.9.9.jar;C:\Users\霉偷煤南\.m2\repository\com\fasterxml\jackson\dataformat\jackson-dataformat-yaml\2.9.9\jackson-dataformat-yaml-2.9.9.jar;C:\Users\霉偷煤南\.m2\repository\io\swagger\swagger-parser\1.0.23\swagger-parser-1.0.23.jar;C:\Users\霉偷煤南\.m2\repository\org\slf4j\slf4j-ext\1.7.26\slf4j-ext-1.7.26.jar;C:\Users\霉偷煤南\.m2\repository\com\github\fge\json-schema-validator\2.2.3\json-schema-validator-2.2.3.jar;C:\Users\霉偷煤南\.m2\repository\com\github\fge\json-schema-core\1.2.1\json-schema-core-1.2.1.jar;C:\Users\霉偷煤南\.m2\repository\com\github\fge\uri-template\0.9\uri-template-0.9.jar;C:\Users\霉偷煤南\.m2\repository\org\mozilla\rhino\1.7R4\rhino-1.7R4.jar;C:\Users\霉偷煤南\.m2\repository\com\googlecode\libphonenumber\libphonenumber\6.0\libphonenumber-6.0.jar;C:\Users\霉偷煤南\.m2\repository\javax\mail\mailapi\1.4.3\mailapi-1.4.3.jar;C:\Users\霉偷煤南\.m2\repository\javax\activation\activation\1.1\activation-1.1.jar;C:\Users\霉偷煤南\.m2\repository\com\google\code\findbugs\jsr305\2.0.1\jsr305-2.0.1.jar;C:\Users\霉偷煤南\.m2\repository\net\sf\jopt-simple\jopt-simple\4.6\jopt-simple-4.6.jar;C:\Users\霉偷煤南\.m2\repository\com\github\fge\json-patch\1.6\json-patch-1.6.jar;C:\Users\霉偷煤南\.m2\repository\com\github\fge\jackson-coreutils\1.6\jackson-coreutils-1.6.jar;C:\Users\霉偷煤南\.m2\repository\com\github\fge\msg-simple\1.1\msg-simple-1.1.jar;C:\Users\霉偷煤南\.m2\repository\com\github\fge\btf\1.2\btf-1.2.jar;C:\Users\霉偷煤南\.m2\repository\org\apache\httpcomponents\httpclient\4.5.9\httpclient-4.5.9.jar;C:\Users\霉偷煤南\.m2\repository\org\apache\httpcomponents\httpcore\4.4.11\httpcore-4.4.11.jar;C:\Users\霉偷煤南\.m2\repository\org\apache\commons\commons-configuration2\2.1\commons-configuration2-2.1.jar;C:\Users\霉偷煤南\.m2\repository\commons-logging\commons-logging\1.2\commons-logging-1.2.jar;C:\Users\霉偷煤南\.m2\repository\commons-beanutils\commons-beanutils\1.9.2\commons-beanutils-1.9.2.jar;C:\Users\霉偷煤南\.m2\repository\org\apache\commons\commons-collections4\4.1\commons-collections4-4.1.jar;C:\Users\霉偷煤南\.m2\repository\io\javaslang\javaslang\2.0.4\javaslang-2.0.4.jar;C:\Users\霉偷煤南\.m2\repository\io\javaslang\javaslang-match\2.0.4\javaslang-match-2.0.4.jar;C:\Users\霉偷煤南\.m2\repository\ch\netzwerg\paleo-core\0.10.1\paleo-core-0.10.1.jar;C:\Users\霉偷煤南\.m2\repository\io\github\swagger2markup\swagger2markup-extension-commons\1.2.0\swagger2markup-extension-commons-1.2.0.jar;C:\Users\霉偷煤南\.m2\repository\io\springfox\springfox-staticdocs\2.6.1\springfox-staticdocs-2.6.1.jar;C:\Users\霉偷煤南\.m2\repository\io\github\robwin\swagger2markup\0.9.2\swagger2markup-0.9.2.jar;C:\Users\霉偷煤南\.m2\repository\io\github\robwin\markup-document-builder\0.1.5\markup-document-builder-0.1.5.jar;C:\Users\霉偷煤南\.m2\repository\commons-collections\commons-collections\3.2.1\commons-collections-3.2.1.jar;C:\Users\霉偷煤南\.m2\repository\commons-io\commons-io\2.4\commons-io-2.4.jar;C:\Users\霉偷煤南\.m2\repository\org\springframework\boot\spring-boot-starter-data-redis\2.1.6.RELEASE\spring-boot-starter-data-redis-2.1.6.RELEASE.jar;C:\Users\霉偷煤南\.m2\repository\org\springframework\data\spring-data-redis\2.1.9.RELEASE\spring-data-redis-2.1.9.RELEASE.jar;C:\Users\霉偷煤南\.m2\repository\org\springframework\data\spring-data-keyvalue\2.1.9.RELEASE\spring-data-keyvalue-2.1.9.RELEASE.jar;C:\Users\霉偷煤南\.m2\repository\org\springframework\data\spring-data-commons\2.1.9.RELEASE\spring-data-commons-2.1.9.RELEASE.jar;C:\Users\霉偷煤南\.m2\repository\org\springframework\spring-tx\5.1.8.RELEASE\spring-tx-5.1.8.RELEASE.jar;C:\Users\霉偷煤南\.m2\repository\org\springframework\spring-oxm\5.1.8.RELEASE\spring-oxm-5.1.8.RELEASE.jar;C:\Users\霉偷煤南\.m2\repository\io\lettuce\lettuce-core\5.1.7.RELEASE\lettuce-core-5.1.7.RELEASE.jar;C:\Users\霉偷煤南\.m2\repository\io\netty\netty-common\4.1.36.Final\netty-common-4.1.36.Final.jar;C:\Users\霉偷煤南\.m2\repository\io\netty\netty-handler\4.1.36.Final\netty-handler-4.1.36.Final.jar;C:\Users\霉偷煤南\.m2\repository\io\netty\netty-buffer\4.1.36.Final\netty-buffer-4.1.36.Final.jar;C:\Users\霉偷煤南\.m2\repository\io\netty\netty-codec\4.1.36.Final\netty-codec-4.1.36.Final.jar;C:\Users\霉偷煤南\.m2\repository\io\netty\netty-transport\4.1.36.Final\netty-transport-4.1.36.Final.jar;C:\Users\霉偷煤南\.m2\repository\io\netty\netty-resolver\4.1.36.Final\netty-resolver-4.1.36.Final.jar;C:\Users\霉偷煤南\.m2\repository\io\projectreactor\reactor-core\3.2.10.RELEASE\reactor-core-3.2.10.RELEASE.jar;C:\Users\霉偷煤南\.m2\repository\org\reactivestreams\reactive-streams\1.0.2\reactive-streams-1.0.2.jar;C:\Users\霉偷煤南\.m2\repository\org\springframework\boot\spring-boot-starter-cache\2.1.6.RELEASE\spring-boot-starter-cache-2.1.6.RELEASE.jar;"/>
    <property name="java.vm.vendor" value="Oracle Corporation"/>
    <property name="sun.arch.data.model" value="64"/>
    <property name="user.variant" value=""/>
    <property name="io.springfox.staticdocs.outputDir" value="C:\EXCS\IDEA_exc\accout-mange\target/swagger"/>
    <property name="io.springfox.staticdocs.snippetsOutputDir" value="C:\EXCS\IDEA_exc\accout-mange\target/asciidoc/snippets"/>
    <property name="java.vendor.url" value="http://java.oracle.com/"/>
    <property name="user.timezone" value="Asia/Shanghai"/>
    <property name="java.vm.specification.version" value="1.8"/>
    <property name="os.name" value="Windows 8.1"/>
    <property name="user.country" value="CN"/>
    <property name="sun.java.launcher" value="SUN_STANDARD"/>
    <property name="sun.boot.library.path" value="C:\Java\jdk1.8.0_11\jre\bin"/>
    <property name="sun.java.command" value="C:\Users\霉偷煤南\AppData\Local\Temp\surefire5428327433242218295\surefirebooter7192642755867762393.jar C:\Users\霉偷煤南\AppData\Local\Temp\surefire5428327433242218295 2019-11-25T11-00-29_223-jvmRun1 surefire8200927227234737659tmp surefire_0407043379877813853tmp"/>
    <property name="surefire.test.class.path" value="C:\EXCS\IDEA_exc\accout-mange\target\test-classes;C:\EXCS\IDEA_exc\accout-mange\target\classes;C:\Users\霉偷煤南\.m2\repository\org\springframework\boot\spring-boot-starter-web\2.1.6.RELEASE\spring-boot-starter-web-2.1.6.RELEASE.jar;C:\Users\霉偷煤南\.m2\repository\org\springframework\boot\spring-boot-starter\2.1.6.RELEASE\spring-boot-starter-2.1.6.RELEASE.jar;C:\Users\霉偷煤南\.m2\repository\org\springframework\boot\spring-boot\2.1.6.RELEASE\spring-boot-2.1.6.RELEASE.jar;C:\Users\霉偷煤南\.m2\repository\org\springframework\boot\spring-boot-starter-logging\2.1.6.RELEASE\spring-boot-starter-logging-2.1.6.RELEASE.jar;C:\Users\霉偷煤南\.m2\repository\ch\qos\logback\logback-classic\1.2.3\logback-classic-1.2.3.jar;C:\Users\霉偷煤南\.m2\repository\ch\qos\logback\logback-core\1.2.3\logback-core-1.2.3.jar;C:\Users\霉偷煤南\.m2\repository\org\apache\logging\log4j\log4j-to-slf4j\2.11.2\log4j-to-slf4j-2.11.2.jar;C:\Users\霉偷煤南\.m2\repository\org\apache\logging\log4j\log4j-api\2.11.2\log4j-api-2.11.2.jar;C:\Users\霉偷煤南\.m2\repository\org\slf4j\jul-to-slf4j\1.7.26\jul-to-slf4j-1.7.26.jar;C:\Users\霉偷煤南\.m2\repository\javax\annotation\javax.annotation-api\1.3.2\javax.annotation-api-1.3.2.jar;C:\Users\霉偷煤南\.m2\repository\org\yaml\snakeyaml\1.23\snakeyaml-1.23.jar;C:\Users\霉偷煤南\.m2\repository\org\springframework\boot\spring-boot-starter-json\2.1.6.RELEASE\spring-boot-starter-json-2.1.6.RELEASE.jar;C:\Users\霉偷煤南\.m2\repository\com\fasterxml\jackson\core\jackson-databind\2.9.9\jackson-databind-2.9.9.jar;C:\Users\霉偷煤南\.m2\repository\com\fasterxml\jackson\core\jackson-core\2.9.9\jackson-core-2.9.9.jar;C:\Users\霉偷煤南\.m2\repository\com\fasterxml\jackson\datatype\jackson-datatype-jdk8\2.9.9\jackson-datatype-jdk8-2.9.9.jar;C:\Users\霉偷煤南\.m2\repository\com\fasterxml\jackson\datatype\jackson-datatype-jsr310\2.9.9\jackson-datatype-jsr310-2.9.9.jar;C:\Users\霉偷煤南\.m2\repository\com\fasterxml\jackson\module\jackson-module-parameter-names\2.9.9\jackson-module-parameter-names-2.9.9.jar;C:\Users\霉偷煤南\.m2\repository\org\springframework\boot\spring-boot-starter-tomcat\2.1.6.RELEASE\spring-boot-starter-tomcat-2.1.6.RELEASE.jar;C:\Users\霉偷煤南\.m2\repository\org\apache\tomcat\embed\tomcat-embed-core\9.0.21\tomcat-embed-core-9.0.21.jar;C:\Users\霉偷煤南\.m2\repository\org\apache\tomcat\embed\tomcat-embed-el\9.0.21\tomcat-embed-el-9.0.21.jar;C:\Users\霉偷煤南\.m2\repository\org\apache\tomcat\embed\tomcat-embed-websocket\9.0.21\tomcat-embed-websocket-9.0.21.jar;C:\Users\霉偷煤南\.m2\repository\org\hibernate\validator\hibernate-validator\6.0.17.Final\hibernate-validator-6.0.17.Final.jar;C:\Users\霉偷煤南\.m2\repository\javax\validation\validation-api\2.0.1.Final\validation-api-2.0.1.Final.jar;C:\Users\霉偷煤南\.m2\repository\org\jboss\logging\jboss-logging\3.3.2.Final\jboss-logging-3.3.2.Final.jar;C:\Users\霉偷煤南\.m2\repository\org\springframework\spring-web\5.1.8.RELEASE\spring-web-5.1.8.RELEASE.jar;C:\Users\霉偷煤南\.m2\repository\org\springframework\spring-beans\5.1.8.RELEASE\spring-beans-5.1.8.RELEASE.jar;C:\Users\霉偷煤南\.m2\repository\org\springframework\spring-webmvc\5.1.8.RELEASE\spring-webmvc-5.1.8.RELEASE.jar;C:\Users\霉偷煤南\.m2\repository\org\springframework\spring-aop\5.1.8.RELEASE\spring-aop-5.1.8.RELEASE.jar;C:\Users\霉偷煤南\.m2\repository\org\springframework\spring-context\5.1.8.RELEASE\spring-context-5.1.8.RELEASE.jar;C:\Users\霉偷煤南\.m2\repository\org\springframework\spring-expression\5.1.8.RELEASE\spring-expression-5.1.8.RELEASE.jar;C:\Users\霉偷煤南\.m2\repository\org\springframework\boot\spring-boot-starter-test\2.1.6.RELEASE\spring-boot-starter-test-2.1.6.RELEASE.jar;C:\Users\霉偷煤南\.m2\repository\org\springframework\boot\spring-boot-test\2.1.6.RELEASE\spring-boot-test-2.1.6.RELEASE.jar;C:\Users\霉偷煤南\.m2\repository\org\springframework\boot\spring-boot-test-autoconfigure\2.1.6.RELEASE\spring-boot-test-autoconfigure-2.1.6.RELEASE.jar;C:\Users\霉偷煤南\.m2\repository\com\jayway\jsonpath\json-path\2.4.0\json-path-2.4.0.jar;C:\Users\霉偷煤南\.m2\repository\net\minidev\json-smart\2.3\json-smart-2.3.jar;C:\Users\霉偷煤南\.m2\repository\net\minidev\accessors-smart\1.2\accessors-smart-1.2.jar;C:\Users\霉偷煤南\.m2\repository\org\ow2\asm\asm\5.0.4\asm-5.0.4.jar;C:\Users\霉偷煤南\.m2\repository\junit\junit\4.12\junit-4.12.jar;C:\Users\霉偷煤南\.m2\repository\org\assertj\assertj-core\3.11.1\assertj-core-3.11.1.jar;C:\Users\霉偷煤南\.m2\repository\org\mockito\mockito-core\2.23.4\mockito-core-2.23.4.jar;C:\Users\霉偷煤南\.m2\repository\net\bytebuddy\byte-buddy\1.9.13\byte-buddy-1.9.13.jar;C:\Users\霉偷煤南\.m2\repository\net\bytebuddy\byte-buddy-agent\1.9.13\byte-buddy-agent-1.9.13.jar;C:\Users\霉偷煤南\.m2\repository\org\objenesis\objenesis\2.6\objenesis-2.6.jar;C:\Users\霉偷煤南\.m2\repository\org\hamcrest\hamcrest-core\1.3\hamcrest-core-1.3.jar;C:\Users\霉偷煤南\.m2\repository\org\hamcrest\hamcrest-library\1.3\hamcrest-library-1.3.jar;C:\Users\霉偷煤南\.m2\repository\org\skyscreamer\jsonassert\1.5.0\jsonassert-1.5.0.jar;C:\Users\霉偷煤南\.m2\repository\com\vaadin\external\google\android-json\0.0.20131108.vaadin1\android-json-0.0.20131108.vaadin1.jar;C:\Users\霉偷煤南\.m2\repository\org\springframework\spring-core\5.1.8.RELEASE\spring-core-5.1.8.RELEASE.jar;C:\Users\霉偷煤南\.m2\repository\org\springframework\spring-jcl\5.1.8.RELEASE\spring-jcl-5.1.8.RELEASE.jar;C:\Users\霉偷煤南\.m2\repository\org\springframework\spring-test\5.1.8.RELEASE\spring-test-5.1.8.RELEASE.jar;C:\Users\霉偷煤南\.m2\repository\org\xmlunit\xmlunit-core\2.6.2\xmlunit-core-2.6.2.jar;C:\Users\霉偷煤南\.m2\repository\com\baomidou\mybatis-plus-boot-starter\3.0.5\mybatis-plus-boot-starter-3.0.5.jar;C:\Users\霉偷煤南\.m2\repository\com\baomidou\mybatis-plus\3.0.5\mybatis-plus-3.0.5.jar;C:\Users\霉偷煤南\.m2\repository\org\springframework\boot\spring-boot-autoconfigure\2.1.6.RELEASE\spring-boot-autoconfigure-2.1.6.RELEASE.jar;C:\Users\霉偷煤南\.m2\repository\org\springframework\boot\spring-boot-starter-jdbc\2.1.6.RELEASE\spring-boot-starter-jdbc-2.1.6.RELEASE.jar;C:\Users\霉偷煤南\.m2\repository\com\zaxxer\HikariCP\3.2.0\HikariCP-3.2.0.jar;C:\Users\霉偷煤南\.m2\repository\org\springframework\spring-jdbc\5.1.8.RELEASE\spring-jdbc-5.1.8.RELEASE.jar;C:\Users\霉偷煤南\.m2\repository\org\springframework\boot\spring-boot-configuration-processor\2.1.6.RELEASE\spring-boot-configuration-processor-2.1.6.RELEASE.jar;C:\Users\霉偷煤南\.m2\repository\com\baomidou\mybatis-plus-generator\3.0.5\mybatis-plus-generator-3.0.5.jar;C:\Users\霉偷煤南\.m2\repository\com\baomidou\mybatis-plus-extension\3.0.5\mybatis-plus-extension-3.0.5.jar;C:\Users\霉偷煤南\.m2\repository\com\baomidou\mybatis-plus-core\3.0.5\mybatis-plus-core-3.0.5.jar;C:\Users\霉偷煤南\.m2\repository\com\baomidou\mybatis-plus-annotation\3.0.5\mybatis-plus-annotation-3.0.5.jar;C:\Users\霉偷煤南\.m2\repository\com\github\jsqlparser\jsqlparser\1.2\jsqlparser-1.2.jar;C:\Users\霉偷煤南\.m2\repository\org\mybatis\mybatis-spring\1.3.2\mybatis-spring-1.3.2.jar;C:\Users\霉偷煤南\.m2\repository\org\mybatis\mybatis\3.4.6\mybatis-3.4.6.jar;C:\Users\霉偷煤南\.m2\repository\org\springframework\boot\spring-boot-starter-freemarker\2.1.6.RELEASE\spring-boot-starter-freemarker-2.1.6.RELEASE.jar;C:\Users\霉偷煤南\.m2\repository\org\freemarker\freemarker\2.3.28\freemarker-2.3.28.jar;C:\Users\霉偷煤南\.m2\repository\org\springframework\spring-context-support\5.1.8.RELEASE\spring-context-support-5.1.8.RELEASE.jar;C:\Users\霉偷煤南\.m2\repository\mysql\mysql-connector-java\8.0.16\mysql-connector-java-8.0.16.jar;C:\Users\霉偷煤南\.m2\repository\org\projectlombok\lombok\1.18.8\lombok-1.18.8.jar;C:\Users\霉偷煤南\.m2\repository\org\apache\shiro\shiro-spring\1.4.0\shiro-spring-1.4.0.jar;C:\Users\霉偷煤南\.m2\repository\org\apache\shiro\shiro-core\1.4.0\shiro-core-1.4.0.jar;C:\Users\霉偷煤南\.m2\repository\org\apache\shiro\shiro-lang\1.4.0\shiro-lang-1.4.0.jar;C:\Users\霉偷煤南\.m2\repository\org\apache\shiro\shiro-cache\1.4.0\shiro-cache-1.4.0.jar;C:\Users\霉偷煤南\.m2\repository\org\apache\shiro\shiro-crypto-hash\1.4.0\shiro-crypto-hash-1.4.0.jar;C:\Users\霉偷煤南\.m2\repository\org\apache\shiro\shiro-crypto-core\1.4.0\shiro-crypto-core-1.4.0.jar;C:\Users\霉偷煤南\.m2\repository\org\apache\shiro\shiro-crypto-cipher\1.4.0\shiro-crypto-cipher-1.4.0.jar;C:\Users\霉偷煤南\.m2\repository\org\apache\shiro\shiro-config-core\1.4.0\shiro-config-core-1.4.0.jar;C:\Users\霉偷煤南\.m2\repository\org\apache\shiro\shiro-config-ogdl\1.4.0\shiro-config-ogdl-1.4.0.jar;C:\Users\霉偷煤南\.m2\repository\org\apache\shiro\shiro-event\1.4.0\shiro-event-1.4.0.jar;C:\Users\霉偷煤南\.m2\repository\org\apache\shiro\shiro-web\1.4.0\shiro-web-1.4.0.jar;C:\Users\霉偷煤南\.m2\repository\io\jsonwebtoken\jjwt\0.9.0\jjwt-0.9.0.jar;C:\Users\霉偷煤南\.m2\repository\joda-time\joda-time\2.10.2\joda-time-2.10.2.jar;C:\Users\霉偷煤南\.m2\repository\org\apache\commons\commons-lang3\3.8.1\commons-lang3-3.8.1.jar;C:\Users\霉偷煤南\.m2\repository\commons-codec\commons-codec\1.11\commons-codec-1.11.jar;C:\Users\霉偷煤南\.m2\repository\io\springfox\springfox-swagger2\2.9.2\springfox-swagger2-2.9.2.jar;C:\Users\霉偷煤南\.m2\repository\io\swagger\swagger-annotations\1.5.20\swagger-annotations-1.5.20.jar;C:\Users\霉偷煤南\.m2\repository\io\swagger\swagger-models\1.5.20\swagger-models-1.5.20.jar;C:\Users\霉偷煤南\.m2\repository\com\fasterxml\jackson\core\jackson-annotations\2.9.0\jackson-annotations-2.9.0.jar;C:\Users\霉偷煤南\.m2\repository\io\springfox\springfox-spi\2.9.2\springfox-spi-2.9.2.jar;C:\Users\霉偷煤南\.m2\repository\io\springfox\springfox-core\2.9.2\springfox-core-2.9.2.jar;C:\Users\霉偷煤南\.m2\repository\io\springfox\springfox-schema\2.9.2\springfox-schema-2.9.2.jar;C:\Users\霉偷煤南\.m2\repository\io\springfox\springfox-swagger-common\2.9.2\springfox-swagger-common-2.9.2.jar;C:\Users\霉偷煤南\.m2\repository\io\springfox\springfox-spring-web\2.9.2\springfox-spring-web-2.9.2.jar;C:\Users\霉偷煤南\.m2\repository\com\google\guava\guava\20.0\guava-20.0.jar;C:\Users\霉偷煤南\.m2\repository\com\fasterxml\classmate\1.4.0\classmate-1.4.0.jar;C:\Users\霉偷煤南\.m2\repository\org\slf4j\slf4j-api\1.7.26\slf4j-api-1.7.26.jar;C:\Users\霉偷煤南\.m2\repository\org\springframework\plugin\spring-plugin-core\1.2.0.RELEASE\spring-plugin-core-1.2.0.RELEASE.jar;C:\Users\霉偷煤南\.m2\repository\org\springframework\plugin\spring-plugin-metadata\1.2.0.RELEASE\spring-plugin-metadata-1.2.0.RELEASE.jar;C:\Users\霉偷煤南\.m2\repository\org\mapstruct\mapstruct\1.2.0.Final\mapstruct-1.2.0.Final.jar;C:\Users\霉偷煤南\.m2\repository\io\springfox\springfox-swagger-ui\2.9.2\springfox-swagger-ui-2.9.2.jar;C:\Users\霉偷煤南\.m2\repository\org\springframework\restdocs\spring-restdocs-mockmvc\2.0.3.RELEASE\spring-restdocs-mockmvc-2.0.3.RELEASE.jar;C:\Users\霉偷煤南\.m2\repository\javax\servlet\javax.servlet-api\4.0.1\javax.servlet-api-4.0.1.jar;C:\Users\霉偷煤南\.m2\repository\org\springframework\restdocs\spring-restdocs-core\2.0.3.RELEASE\spring-restdocs-core-2.0.3.RELEASE.jar;C:\Users\霉偷煤南\.m2\repository\io\github\swagger2markup\swagger2markup-spring-restdocs-ext\1.2.0\swagger2markup-spring-restdocs-ext-1.2.0.jar;C:\Users\霉偷煤南\.m2\repository\io\github\swagger2markup\swagger2markup\1.2.0\swagger2markup-1.2.0.jar;C:\Users\霉偷煤南\.m2\repository\io\github\swagger2markup\markup-document-builder\1.1.1\markup-document-builder-1.1.1.jar;C:\Users\霉偷煤南\.m2\repository\nl\jworks\markdown_to_asciidoc\markdown_to_asciidoc\1.0\markdown_to_asciidoc-1.0.jar;C:\Users\霉偷煤南\.m2\repository\org\pegdown\pegdown\1.4.2\pegdown-1.4.2.jar;C:\Users\霉偷煤南\.m2\repository\org\parboiled\parboiled-java\1.1.6\parboiled-java-1.1.6.jar;C:\Users\霉偷煤南\.m2\repository\org\parboiled\parboiled-core\1.1.6\parboiled-core-1.1.6.jar;C:\Users\霉偷煤南\.m2\repository\org\ow2\asm\asm-tree\4.1\asm-tree-4.1.jar;C:\Users\霉偷煤南\.m2\repository\org\ow2\asm\asm-analysis\4.1\asm-analysis-4.1.jar;C:\Users\霉偷煤南\.m2\repository\org\ow2\asm\asm-util\4.1\asm-util-4.1.jar;C:\Users\霉偷煤南\.m2\repository\org\jsoup\jsoup\1.8.1\jsoup-1.8.1.jar;C:\Users\霉偷煤南\.m2\repository\io\swagger\swagger-compat-spec-parser\1.0.23\swagger-compat-spec-parser-1.0.23.jar;C:\Users\霉偷煤南\.m2\repository\io\swagger\swagger-core\1.5.10\swagger-core-1.5.10.jar;C:\Users\霉偷煤南\.m2\repository\com\fasterxml\jackson\datatype\jackson-datatype-joda\2.9.9\jackson-datatype-joda-2.9.9.jar;C:\Users\霉偷煤南\.m2\repository\com\fasterxml\jackson\dataformat\jackson-dataformat-yaml\2.9.9\jackson-dataformat-yaml-2.9.9.jar;C:\Users\霉偷煤南\.m2\repository\io\swagger\swagger-parser\1.0.23\swagger-parser-1.0.23.jar;C:\Users\霉偷煤南\.m2\repository\org\slf4j\slf4j-ext\1.7.26\slf4j-ext-1.7.26.jar;C:\Users\霉偷煤南\.m2\repository\com\github\fge\json-schema-validator\2.2.3\json-schema-validator-2.2.3.jar;C:\Users\霉偷煤南\.m2\repository\com\github\fge\json-schema-core\1.2.1\json-schema-core-1.2.1.jar;C:\Users\霉偷煤南\.m2\repository\com\github\fge\uri-template\0.9\uri-template-0.9.jar;C:\Users\霉偷煤南\.m2\repository\org\mozilla\rhino\1.7R4\rhino-1.7R4.jar;C:\Users\霉偷煤南\.m2\repository\com\googlecode\libphonenumber\libphonenumber\6.0\libphonenumber-6.0.jar;C:\Users\霉偷煤南\.m2\repository\javax\mail\mailapi\1.4.3\mailapi-1.4.3.jar;C:\Users\霉偷煤南\.m2\repository\javax\activation\activation\1.1\activation-1.1.jar;C:\Users\霉偷煤南\.m2\repository\com\google\code\findbugs\jsr305\2.0.1\jsr305-2.0.1.jar;C:\Users\霉偷煤南\.m2\repository\net\sf\jopt-simple\jopt-simple\4.6\jopt-simple-4.6.jar;C:\Users\霉偷煤南\.m2\repository\com\github\fge\json-patch\1.6\json-patch-1.6.jar;C:\Users\霉偷煤南\.m2\repository\com\github\fge\jackson-coreutils\1.6\jackson-coreutils-1.6.jar;C:\Users\霉偷煤南\.m2\repository\com\github\fge\msg-simple\1.1\msg-simple-1.1.jar;C:\Users\霉偷煤南\.m2\repository\com\github\fge\btf\1.2\btf-1.2.jar;C:\Users\霉偷煤南\.m2\repository\org\apache\httpcomponents\httpclient\4.5.9\httpclient-4.5.9.jar;C:\Users\霉偷煤南\.m2\repository\org\apache\httpcomponents\httpcore\4.4.11\httpcore-4.4.11.jar;C:\Users\霉偷煤南\.m2\repository\org\apache\commons\commons-configuration2\2.1\commons-configuration2-2.1.jar;C:\Users\霉偷煤南\.m2\repository\commons-logging\commons-logging\1.2\commons-logging-1.2.jar;C:\Users\霉偷煤南\.m2\repository\commons-beanutils\commons-beanutils\1.9.2\commons-beanutils-1.9.2.jar;C:\Users\霉偷煤南\.m2\repository\org\apache\commons\commons-collections4\4.1\commons-collections4-4.1.jar;C:\Users\霉偷煤南\.m2\repository\io\javaslang\javaslang\2.0.4\javaslang-2.0.4.jar;C:\Users\霉偷煤南\.m2\repository\io\javaslang\javaslang-match\2.0.4\javaslang-match-2.0.4.jar;C:\Users\霉偷煤南\.m2\repository\ch\netzwerg\paleo-core\0.10.1\paleo-core-0.10.1.jar;C:\Users\霉偷煤南\.m2\repository\io\github\swagger2markup\swagger2markup-extension-commons\1.2.0\swagger2markup-extension-commons-1.2.0.jar;C:\Users\霉偷煤南\.m2\repository\io\springfox\springfox-staticdocs\2.6.1\springfox-staticdocs-2.6.1.jar;C:\Users\霉偷煤南\.m2\repository\io\github\robwin\swagger2markup\0.9.2\swagger2markup-0.9.2.jar;C:\Users\霉偷煤南\.m2\repository\io\github\robwin\markup-document-builder\0.1.5\markup-document-builder-0.1.5.jar;C:\Users\霉偷煤南\.m2\repository\commons-collections\commons-collections\3.2.1\commons-collections-3.2.1.jar;C:\Users\霉偷煤南\.m2\repository\commons-io\commons-io\2.4\commons-io-2.4.jar;C:\Users\霉偷煤南\.m2\repository\org\springframework\boot\spring-boot-starter-data-redis\2.1.6.RELEASE\spring-boot-starter-data-redis-2.1.6.RELEASE.jar;C:\Users\霉偷煤南\.m2\repository\org\springframework\data\spring-data-redis\2.1.9.RELEASE\spring-data-redis-2.1.9.RELEASE.jar;C:\Users\霉偷煤南\.m2\repository\org\springframework\data\spring-data-keyvalue\2.1.9.RELEASE\spring-data-keyvalue-2.1.9.RELEASE.jar;C:\Users\霉偷煤南\.m2\repository\org\springframework\data\spring-data-commons\2.1.9.RELEASE\spring-data-commons-2.1.9.RELEASE.jar;C:\Users\霉偷煤南\.m2\repository\org\springframework\spring-tx\5.1.8.RELEASE\spring-tx-5.1.8.RELEASE.jar;C:\Users\霉偷煤南\.m2\repository\org\springframework\spring-oxm\5.1.8.RELEASE\spring-oxm-5.1.8.RELEASE.jar;C:\Users\霉偷煤南\.m2\repository\io\lettuce\lettuce-core\5.1.7.RELEASE\lettuce-core-5.1.7.RELEASE.jar;C:\Users\霉偷煤南\.m2\repository\io\netty\netty-common\4.1.36.Final\netty-common-4.1.36.Final.jar;C:\Users\霉偷煤南\.m2\repository\io\netty\netty-handler\4.1.36.Final\netty-handler-4.1.36.Final.jar;C:\Users\霉偷煤南\.m2\repository\io\netty\netty-buffer\4.1.36.Final\netty-buffer-4.1.36.Final.jar;C:\Users\霉偷煤南\.m2\repository\io\netty\netty-codec\4.1.36.Final\netty-codec-4.1.36.Final.jar;C:\Users\霉偷煤南\.m2\repository\io\netty\netty-transport\4.1.36.Final\netty-transport-4.1.36.Final.jar;C:\Users\霉偷煤南\.m2\repository\io\netty\netty-resolver\4.1.36.Final\netty-resolver-4.1.36.Final.jar;C:\Users\霉偷煤南\.m2\repository\io\projectreactor\reactor-core\3.2.10.RELEASE\reactor-core-3.2.10.RELEASE.jar;C:\Users\霉偷煤南\.m2\repository\org\reactivestreams\reactive-streams\1.0.2\reactive-streams-1.0.2.jar;C:\Users\霉偷煤南\.m2\repository\org\springframework\boot\spring-boot-starter-cache\2.1.6.RELEASE\spring-boot-starter-cache-2.1.6.RELEASE.jar;"/>
    <property name="sun.cpu.endian" value="little"/>
    <property name="user.home" value="C:\Users\霉偷煤南"/>
    <property name="user.language" value="zh"/>
    <property name="java.specification.vendor" value="Oracle Corporation"/>
    <property name="java.home" value="C:\Java\jdk1.8.0_11\jre"/>
    <property name="basedir" value="C:\EXCS\IDEA_exc\accout-mange"/>
    <property name="file.separator" value="\"/>
    <property name="line.separator" value="&#10;"/>
    <property name="java.vm.specification.vendor" value="Oracle Corporation"/>
    <property name="java.specification.name" value="Java Platform API Specification"/>
    <property name="java.awt.graphicsenv" value="sun.awt.Win32GraphicsEnvironment"/>
    <property name="surefire.real.class.path" value="C:\Users\霉偷煤南\AppData\Local\Temp\surefire5428327433242218295\surefirebooter7192642755867762393.jar"/>
    <property name="sun.boot.class.path" value="C:\Java\jdk1.8.0_11\jre\lib\resources.jar;C:\Java\jdk1.8.0_11\jre\lib\rt.jar;C:\Java\jdk1.8.0_11\jre\lib\sunrsasign.jar;C:\Java\jdk1.8.0_11\jre\lib\jsse.jar;C:\Java\jdk1.8.0_11\jre\lib\jce.jar;C:\Java\jdk1.8.0_11\jre\lib\charsets.jar;C:\Java\jdk1.8.0_11\jre\lib\jfr.jar;C:\Java\jdk1.8.0_11\jre\classes"/>
    <property name="user.script" value=""/>
    <property name="sun.management.compiler" value="HotSpot 64-Bit Tiered Compilers"/>
    <property name="java.runtime.version" value="1.8.0_11-b12"/>
    <property name="user.name" value="霉偷煤南"/>
    <property name="path.separator" value=";"/>
    <property name="os.version" value="6.3"/>
    <property name="java.endorsed.dirs" value="C:\Java\jdk1.8.0_11\jre\lib\endorsed"/>
    <property name="java.runtime.name" value="Java(TM) SE Runtime Environment"/>
    <property name="file.encoding" value="GBK"/>
    <property name="java.vm.name" value="Java HotSpot(TM) 64-Bit Server VM"/>
    <property name="localRepository" value="C:\Users\霉偷煤南\.m2\repository"/>
    <property name="java.vendor.url.bug" value="http://bugreport.sun.com/bugreport/"/>
    <property name="java.io.tmpdir" value="C:\Users\霉偷煤南\AppData\Local\Temp\"/>
    <property name="java.version" value="1.8.0_11"/>
    <property name="user.dir" value="C:\EXCS\IDEA_exc\accout-mange"/>
    <property name="os.arch" value="amd64"/>
    <property name="java.vm.specification.name" value="Java Virtual Machine Specification"/>
    <property name="java.awt.printerjob" value="sun.awt.windows.WPrinterJob"/>
    <property name="sun.os.patch.level" value=""/>
    <property name="idea.version2019.1.1" value="true"/>
    <property name="java.library.path" value="C:\Java\jdk1.8.0_11\jre\bin;C:\WINDOWS\Sun\Java\bin;C:\WINDOWS\system32;C:\WINDOWS;C:\Java\jdk1.8.0_11\bin;C:\Java\jdk1.8.0_11\jre\lib;C:\Program Files (x86)\Intel\Intel(R) Management Engine Components\iCLS\;C:\Program Files\Intel\Intel(R) Management Engine Components\iCLS\;C:\Windows\system32;C:\Windows;C:\Windows\System32\Wbem;C:\Windows\System32\WindowsPowerShell\v1.0\;C:\Windows\System32\OpenSSH\;C:\Program Files (x86)\Intel\Intel(R) Management Engine Components\DAL;C:\Program Files\Intel\Intel(R) Management Engine Components\DAL;C:\Program Files (x86)\Intel\Intel(R) Management Engine Components\IPT;C:\Program Files\Intel\Intel(R) Management Engine Components\IPT;C:\Program Files (x86)\NVIDIA Corporation\PhysX\Common;C:\WINDOWS\system32;C:\WINDOWS;C:\WINDOWS\System32\Wbem;C:\WINDOWS\System32\WindowsPowerShell\v1.0\;C:\WINDOWS\System32\OpenSSH\;C:\fuwuqi\Git\bin;C:\AS_sdk\android-sdk-windows\tools;C:\Users\霉偷煤南\.gradle\wrapper\dists\gradle-4.10.1-all\455itskqi2qtf0v2sja68alqd\bin;C:\AS_sdk\android-sdk-windows\platform-tools;C:\Program Files\MySQL\MySQL Utilities 1.6\;C:\Program Files\MySQL\MySQL Server 5.7\bin;C:\fuwuqi\maven\apache-maven-3.5.2\bin;C:\Program Files\Git\cmd;C:\Program Files\nodejs\;C:\Program Files\nodejs;C:\fuwuqi\nvm-noinstall;C:\Program Files\nodejs\node_global;C:\Program Files\MongoDB\Server\4.0\bin;C:\python\Scripts;C:\Users\霉偷煤南\AppData\Local\Yarn\Data\global\node_modules\.bin;C:\Program Files\Microsoft SQL Server\Client SDK\ODBC\130\Tools\Binn\;C:\Program Files (x86)\Microsoft SQL Server\140\Tools\Binn\;C:\Program Files\Microsoft SQL Server\140\Tools\Binn\;C:\Program Files\Microsoft SQL Server\140\DTS\Binn\;C:\Program Files (x86)\Microsoft SQL Server\150\DTS\Binn\;C:\python\Scripts\;C:\python\;C:\Users\霉偷煤南\AppData\Local\Microsoft\WindowsApps;C:\Program Files\Bandizip\;%AN;ROID_HOME%\platform-tools;;C:\Program Files\JetBrains\IntelliJ IDEA 2019.1.1\bin;;C:\Users\霉偷煤南\AppData\Roaming\npm;C:\Users\霉偷煤南\AppData\Local\Pandoc\;."/>
    <property name="java.vm.info" value="mixed mode"/>
    <property name="java.vendor" value="Oracle Corporation"/>
    <property name="java.vm.version" value="25.11-b03"/>
    <property name="java.ext.dirs" value="C:\Java\jdk1.8.0_11\jre\lib\ext;C:\WINDOWS\Sun\Java\lib\ext"/>
    <property name="sun.io.unicode.encoding" value="UnicodeLittle"/>
    <property name="java.class.version" value="52.0"/>
  </properties>
  <testcase name="createSpringfoxSwaggerJson" classname="com.hfut.laboratory.swagger.Swagger2MarkupTest" time="0.402"/>
  <testcase name="testApi" classname="com.hfut.laboratory.swagger.Swagger2MarkupTest" time="0.095"/>
</testsuite>